2025-07-19 19:02:56,576 - INFO - === INICIANDO PREVIEW THREAD ===
2025-07-19 19:02:56,577 - INFO - URL obtenida: https://www.youtube.com/watch?v=f_EFxozfzXY
2025-07-19 19:02:56,577 - INFO - Limpiando texto de progreso y iniciando thread
2025-07-19 19:02:56,577 - INFO - Thread creado, iniciando...
2025-07-19 19:02:56,578 - INFO - === EJECUTANDO PREVIEW ===
2025-07-19 19:02:56,578 - INFO - Thread iniciado exitosamente
2025-07-19 19:02:56,578 - INFO - Configurando yt-dlp para obtener mejor audio
2025-07-19 19:02:56,700 - INFO - Extrayendo información del video...
2025-07-19 19:03:01,315 - INFO - URL de audio obtenida: https://rr1---sn-uqx2-aphk.googlevideo.com/videoplayback?expire=1752991377&ei=MTJ8aI7bL6qU9cYP-r6RKA...
2025-07-19 19:03:01,315 - INFO - Deteniendo preview anterior si existe
2025-07-19 19:03:01,315 - INFO - Creando MediaPlayer...
2025-07-19 19:03:01,324 - INFO - MediaPlayer creado exitosamente
2025-07-19 19:03:01,325 - INFO - Duración del audio: 218 segundos
2025-07-19 19:03:01,325 - INFO - Actualizando GUI - habilitando botones
2025-07-19 19:03:01,327 - INFO - Configurando timeline...
2025-07-19 19:03:01,328 - INFO - Configurando timeline con duración: 218
2025-07-19 19:03:01,328 - INFO - Iniciando actualizaciones de timeline...
2025-07-19 19:03:01,329 - INFO - Timeline configurado: 0 a 218, tiempo total: 03:38
2025-07-19 19:03:01,331 - INFO - === INICIANDO ACTUALIZACIONES DE TIMELINE ===
2025-07-19 19:03:01,331 - DEBUG - update_timeline() llamado
2025-07-19 19:03:01,332 - DEBUG - Player existe y no estamos seeking, obteniendo tiempo actual...
2025-07-19 19:07:16,475 - INFO - === INICIANDO PREVIEW THREAD ===
2025-07-19 19:07:16,476 - INFO - URL obtenida: https://www.youtube.com/watch?v=BvPwKtAAJ_M&t=2294s
2025-07-19 19:07:16,476 - INFO - Limpiando texto de progreso y iniciando thread
2025-07-19 19:07:16,477 - INFO - Thread creado, iniciando...
2025-07-19 19:07:16,477 - INFO - === EJECUTANDO PREVIEW ===
2025-07-19 19:07:16,477 - INFO - Thread iniciado exitosamente
2025-07-19 19:07:16,478 - INFO - Configurando yt-dlp para obtener mejor audio
2025-07-19 19:07:16,609 - INFO - Extrayendo información del video...
2025-07-19 19:07:21,027 - INFO - URL de audio obtenida: https://rr1---sn-uqx2-aphr.googlevideo.com/videoplayback?expire=1752991637&ei=NTN8aNv7F7qt9cYP0MXjoQ...
2025-07-19 19:07:21,028 - INFO - Deteniendo preview anterior si existe
2025-07-19 19:07:21,028 - INFO - Creando MediaPlayer...
2025-07-19 19:07:21,036 - INFO - MediaPlayer creado exitosamente
2025-07-19 19:07:21,037 - INFO - Duración del audio: 11441 segundos
2025-07-19 19:07:21,037 - INFO - Actualizando GUI - habilitando botones
2025-07-19 19:07:21,039 - INFO - Configurando timeline...
2025-07-19 19:07:21,041 - INFO - Configurando timeline con duración: 11441
2025-07-19 19:07:21,041 - INFO - Iniciando actualizaciones de timeline...
2025-07-19 19:07:21,042 - INFO - Timeline configurado: 0 a 11441, tiempo total: 190:41
2025-07-19 19:07:21,043 - INFO - === PREVIEW CONFIGURADO EXITOSAMENTE ===
2025-07-19 19:07:22,543 - INFO - === INICIANDO ACTUALIZACIONES DE TIMELINE ===
2025-07-19 19:07:22,543 - DEBUG - update_timeline() llamado
2025-07-19 19:07:22,543 - DEBUG - Player existe y no estamos seeking, obteniendo tiempo actual...
